Using pre-set license
Built from '2020.3/staging' branch; Version is '2020.3.30f1 (1fb1bf06830e) revision 2077119'; Using compiler version '192528614'; Build Type 'Release'
OS: 'Windows 10  (10.0.19044) 64bit Professional' Language: 'ru' Physical Memory: 24391 MB
BatchMode: 1, IsHumanControllingUs: 0, StartBugReporterOnCrash: 0, Is64bit: 1, IsPro: 0

COMMAND LINE ARGUMENTS:
C:\Program Files\Unity\Hub\Editor\2020.3.30f1\Editor\Unity.exe
-adb2
-batchMode
-noUpm
-name
AssetImportWorker1
-projectPath
C:/!Yandex Disk/!Stuff/Unity/Scenes/Jumper-Unity3D
-logFile
Logs/AssetImportWorker1.log
-srvPort
58939
Successfully changed project path to: C:/!Yandex Disk/!Stuff/Unity/Scenes/Jumper-Unity3D
C:/!Yandex Disk/!Stuff/Unity/Scenes/Jumper-Unity3D
Using Asset Import Pipeline V2.
Refreshing native plugins compatible for Editor in 48.19 ms, found 2 plugins.
Preloading 0 native plugins for Editor in 0.00 ms.
Initialize engine version: 2020.3.30f1 (1fb1bf06830e)
[Subsystems] Discovering subsystems at path C:/Program Files/Unity/Hub/Editor/2020.3.30f1/Editor/Data/Resources/UnitySubsystems
[Subsystems] Discovering subsystems at path C:/!Yandex Disk/!Stuff/Unity/Scenes/Jumper-Unity3D/Assets
GfxDevice: creating device client; threaded=0
Direct3D:
    Version:  Direct3D 11.0 [level 11.1]
    Renderer: NVIDIA GeForce GTX 1660 Ti (ID=0x2191)
    Vendor:   
    VRAM:     5991 MB
    Driver:   30.0.15.1179
Initialize mono
Mono path[0] = 'C:/Program Files/Unity/Hub/Editor/2020.3.30f1/Editor/Data/Managed'
Mono path[1] = 'C:/Program Files/Unity/Hub/Editor/2020.3.30f1/Editor/Data/MonoBleedingEdge/lib/mono/unityjit'
Mono config path = 'C:/Program Files/Unity/Hub/Editor/2020.3.30f1/Editor/Data/MonoBleedingEdge/etc'
Using monoOptions --debugger-agent=transport=dt_socket,embedding=1,server=y,suspend=n,address=127.0.0.1:56876
Begin MonoManager ReloadAssembly
Registering precompiled unity dll's ...
Register platform support module: C:/Program Files/Unity/Hub/Editor/2020.3.30f1/Editor/Data/PlaybackEngines/WebGLSupport/UnityEditor.WebGL.Extensions.dll
Register platform support module: C:/Program Files/Unity/Hub/Editor/2020.3.30f1/Editor/Data/PlaybackEngines/WindowsStandaloneSupport/UnityEditor.WindowsStandalone.Extensions.dll
Registered in 0.003040 seconds.
Native extension for WindowsStandalone target not found
Native extension for WebGL target not found
Refreshing native plugins compatible for Editor in 40.31 ms, found 2 plugins.
Preloading 0 native plugins for Editor in 0.00 ms.
Mono: successfully reloaded assembly
- Completed reload, in  0.728 seconds
Domain Reload Profiling:
	ReloadAssembly (728ms)
		BeginReloadAssembly (81ms)
			ExecutionOrderSort (0ms)
			DisableScriptedObjects (0ms)
			BackupInstance (0ms)
			ReleaseScriptingObjects (0ms)
			CreateAndSetChildDomain (1ms)
		EndReloadAssembly (552ms)
			LoadAssemblies (78ms)
			RebuildTransferFunctionScriptingTraits (0ms)
			SetupTypeCache (203ms)
			ReleaseScriptCaches (0ms)
			RebuildScriptCaches (34ms)
			SetupLoadedEditorAssemblies (193ms)
				LogAssemblyErrors (0ms)
				InitializePlatformSupportModulesInManaged (5ms)
				SetLoadedEditorAssemblies (0ms)
				RefreshPlugins (40ms)
				BeforeProcessingInitializeOnLoad (9ms)
				ProcessInitializeOnLoadAttributes (98ms)
				ProcessInitializeOnLoadMethodAttributes (41ms)
				AfterProcessingInitializeOnLoad (0ms)
				EditorAssembliesLoaded (0ms)
			ExecutionOrderSort2 (0ms)
			AwakeInstancesAfterBackupRestoration (0ms)
Platform modules already initialized, skipping
Registering precompiled user dll's ...
Registered in 0.002790 seconds.
Begin MonoManager ReloadAssembly
Native extension for WindowsStandalone target not found
Native extension for WebGL target not found
Refreshing native plugins compatible for Editor in 0.35 ms, found 2 plugins.
Preloading 0 native plugins for Editor in 0.00 ms.
Mono: successfully reloaded assembly
- Completed reload, in  1.267 seconds
Domain Reload Profiling:
	ReloadAssembly (1268ms)
		BeginReloadAssembly (183ms)
			ExecutionOrderSort (0ms)
			DisableScriptedObjects (6ms)
			BackupInstance (0ms)
			ReleaseScriptingObjects (0ms)
			CreateAndSetChildDomain (27ms)
		EndReloadAssembly (1001ms)
			LoadAssemblies (103ms)
			RebuildTransferFunctionScriptingTraits (0ms)
			SetupTypeCache (359ms)
			ReleaseScriptCaches (1ms)
			RebuildScriptCaches (62ms)
			SetupLoadedEditorAssemblies (349ms)
				LogAssemblyErrors (0ms)
				InitializePlatformSupportModulesInManaged (6ms)
				SetLoadedEditorAssemblies (1ms)
				RefreshPlugins (0ms)
				BeforeProcessingInitializeOnLoad (59ms)
				ProcessInitializeOnLoadAttributes (266ms)
				ProcessInitializeOnLoadMethodAttributes (10ms)
				AfterProcessingInitializeOnLoad (7ms)
				EditorAssembliesLoaded (0ms)
			ExecutionOrderSort2 (0ms)
			AwakeInstancesAfterBackupRestoration (7ms)
Platform modules already initialized, skipping
========================================================================
Worker process is ready to serve import requests
Launched and connected shader compiler UnityShaderCompiler.exe after 0.04 seconds
Refreshing native plugins compatible for Editor in 1.08 ms, found 2 plugins.
Preloading 0 native plugins for Editor in 0.00 ms.
Unloading 1515 Unused Serialized files (Serialized files now loaded: 0)
System memory in use before: 74.2 MB.
System memory in use after: 74.3 MB.

Unloading 16 unused Assets to reduce memory usage. Loaded Objects now: 1957.
Total: 3.349700 ms (FindLiveObjects: 0.142600 ms CreateObjectMapping: 0.071000 ms MarkObjects: 3.063700 ms  DeleteObjects: 0.071200 ms)

AssetImportParameters requested are different than current active one (requested -> active):
  custom:framework-win-MediaFoundation: 216162199b28c13a410421893ffa2e32 -> 
  custom:video-decoder-ogg-theora: a1e56fd34408186e4bbccfd4996cb3dc -> 
  custom:container-muxer-webm: aa71ff27fc2769a1b78a27578f13a17b -> 
  custom:container-demuxer-webm: 4f35f7cbe854078d1ac9338744f61a02 -> 
  custom:container-demuxer-ogg: 62fdf1f143b41e24485cea50d1cbac27 -> 
  custom:video-encoder-webm-vp8: eb34c28f22e8b96e1ab97ce403110664 -> 
  custom:video-decoder-webm-vp8: 9c59270c3fd7afecdb556c50c9e8de78 -> 
  custom:audio-decoder-ogg-vorbis: bf7c407c2cedff20999df2af8eb42d56 -> 
  custom:audio-encoder-webm-vorbis: bf7c407c2cedff20999df2af8eb42d56 -> 
========================================================================
Received Import Request.
  path: Assets/Scenes/Prefubs/Non-planar Roadway.prefab
  artifactKey: Guid(03abb0b52674bfe4483b1e22a8412349) Importer(815301076,1909f56bfc062723c751e8b465ee728b)
Start importing Assets/Scenes/Prefubs/Non-planar Roadway.prefab using Guid(03abb0b52674bfe4483b1e22a8412349) Importer(815301076,1909f56bfc062723c751e8b465ee728b)  -> (artifact id: 'ff6f864474c15dfa92918cae0be092c7') in 0.135251 seconds 
========================================================================
Received Prepare
Registering precompiled user dll's ...
Registered in 0.002437 seconds.
Begin MonoManager ReloadAssembly
Native extension for WindowsStandalone target not found
Native extension for WebGL target not found
Refreshing native plugins compatible for Editor in 0.34 ms, found 2 plugins.
Preloading 0 native plugins for Editor in 0.00 ms.
Mono: successfully reloaded assembly
- Completed reload, in  0.940 seconds
Domain Reload Profiling:
	ReloadAssembly (940ms)
		BeginReloadAssembly (113ms)
			ExecutionOrderSort (0ms)
			DisableScriptedObjects (4ms)
			BackupInstance (0ms)
			ReleaseScriptingObjects (0ms)
			CreateAndSetChildDomain (30ms)
		EndReloadAssembly (754ms)
			LoadAssemblies (101ms)
			RebuildTransferFunctionScriptingTraits (0ms)
			SetupTypeCache (248ms)
			ReleaseScriptCaches (1ms)
			RebuildScriptCaches (31ms)
			SetupLoadedEditorAssemblies (287ms)
				LogAssemblyErrors (0ms)
				InitializePlatformSupportModulesInManaged (5ms)
				SetLoadedEditorAssemblies (0ms)
				RefreshPlugins (0ms)
				BeforeProcessingInitializeOnLoad (43ms)
				ProcessInitializeOnLoadAttributes (224ms)
				ProcessInitializeOnLoadMethodAttributes (8ms)
				AfterProcessingInitializeOnLoad (6ms)
				EditorAssembliesLoaded (0ms)
			ExecutionOrderSort2 (0ms)
			AwakeInstancesAfterBackupRestoration (7ms)
Platform modules already initialized, skipping
Switching build target platform(19) subTarget(0) extendedPlatform(0) -> platform(13) subTarget(537395200) extendedPlatform(0)
Refreshing native plugins compatible for Editor in 0.35 ms, found 2 plugins.
Preloading 0 native plugins for Editor in 0.00 ms.
Unloading 1512 Unused Serialized files (Serialized files now loaded: 0)
System memory in use before: 77.1 MB.
System memory in use after: 77.2 MB.

Unloading 11 unused Assets to reduce memory usage. Loaded Objects now: 1967.
Total: 2.756200 ms (FindLiveObjects: 0.143400 ms CreateObjectMapping: 0.069800 ms MarkObjects: 2.486600 ms  DeleteObjects: 0.055300 ms)

AssetImportParameters requested are different than current active one (requested -> active):
  custom:framework-win-MediaFoundation: 216162199b28c13a410421893ffa2e32 -> 
  custom:video-decoder-ogg-theora: a1e56fd34408186e4bbccfd4996cb3dc -> 
  custom:container-muxer-webm: aa71ff27fc2769a1b78a27578f13a17b -> 
  custom:container-demuxer-webm: 4f35f7cbe854078d1ac9338744f61a02 -> 
  custom:container-demuxer-ogg: 62fdf1f143b41e24485cea50d1cbac27 -> 
  custom:video-encoder-webm-vp8: eb34c28f22e8b96e1ab97ce403110664 -> 
  custom:video-decoder-webm-vp8: 9c59270c3fd7afecdb556c50c9e8de78 -> 
  custom:graphics/normal-map-encoding: 01000000000000000000000000000000 -> 02000000000000000000000000000000
  custom:audio-decoder-ogg-vorbis: bf7c407c2cedff20999df2af8eb42d56 -> 
  custom:audio-encoder-webm-vorbis: bf7c407c2cedff20999df2af8eb42d56 -> 
========================================================================
Received Import Request.
  Time since last request: 33.220514 seconds.
  path: Assets/Scenes/Prefubs/Non-planar Roadway.prefab
  artifactKey: Guid(03abb0b52674bfe4483b1e22a8412349) Importer(815301076,1909f56bfc062723c751e8b465ee728b)
Start importing Assets/Scenes/Prefubs/Non-planar Roadway.prefab using Guid(03abb0b52674bfe4483b1e22a8412349) Importer(815301076,1909f56bfc062723c751e8b465ee728b)  -> (artifact id: '052baf851df479c016670f3ac404af79') in 0.067526 seconds 
========================================================================
Received Import Request.
  Time since last request: 4.429023 seconds.
  path: Assets/Scenes/Prefubs/Non-planar Roadway.prefab
  artifactKey: Guid(03abb0b52674bfe4483b1e22a8412349) Importer(815301076,1909f56bfc062723c751e8b465ee728b)
Start importing Assets/Scenes/Prefubs/Non-planar Roadway.prefab using Guid(03abb0b52674bfe4483b1e22a8412349) Importer(815301076,1909f56bfc062723c751e8b465ee728b)  -> (artifact id: 'bc6cddb3bf7807eaaeeaaf912b560bcb') in 0.058744 seconds 
========================================================================
Received Prepare
Registering precompiled user dll's ...
Registered in 0.003293 seconds.
Begin MonoManager ReloadAssembly
Native extension for WindowsStandalone target not found
Native extension for WebGL target not found
Refreshing native plugins compatible for Editor in 1.16 ms, found 2 plugins.
Preloading 0 native plugins for Editor in 0.00 ms.
Mono: successfully reloaded assembly
- Completed reload, in  1.637 seconds
Domain Reload Profiling:
	ReloadAssembly (1638ms)
		BeginReloadAssembly (174ms)
			ExecutionOrderSort (0ms)
			DisableScriptedObjects (7ms)
			BackupInstance (0ms)
			ReleaseScriptingObjects (0ms)
			CreateAndSetChildDomain (55ms)
		EndReloadAssembly (1357ms)
			LoadAssemblies (144ms)
			RebuildTransferFunctionScriptingTraits (0ms)
			SetupTypeCache (499ms)
			ReleaseScriptCaches (1ms)
			RebuildScriptCaches (73ms)
			SetupLoadedEditorAssemblies (431ms)
				LogAssemblyErrors (0ms)
				InitializePlatformSupportModulesInManaged (9ms)
				SetLoadedEditorAssemblies (1ms)
				RefreshPlugins (1ms)
				BeforeProcessingInitializeOnLoad (83ms)
				ProcessInitializeOnLoadAttributes (311ms)
				ProcessInitializeOnLoadMethodAttributes (14ms)
				AfterProcessingInitializeOnLoad (11ms)
				EditorAssembliesLoaded (0ms)
			ExecutionOrderSort2 (0ms)
			AwakeInstancesAfterBackupRestoration (11ms)
Platform modules already initialized, skipping
Switching build target platform(19) subTarget(0) extendedPlatform(0) -> platform(13) subTarget(537395200) extendedPlatform(0)
Refreshing native plugins compatible for Editor in 0.45 ms, found 2 plugins.
Preloading 0 native plugins for Editor in 0.00 ms.
Unloading 1512 Unused Serialized files (Serialized files now loaded: 0)
System memory in use before: 77.1 MB.
System memory in use after: 77.2 MB.

Unloading 11 unused Assets to reduce memory usage. Loaded Objects now: 1970.
Total: 3.245900 ms (FindLiveObjects: 0.172500 ms CreateObjectMapping: 0.078100 ms MarkObjects: 2.966100 ms  DeleteObjects: 0.027600 ms)

AssetImportParameters requested are different than current active one (requested -> active):
  custom:framework-win-MediaFoundation: 216162199b28c13a410421893ffa2e32 -> 
  custom:video-decoder-ogg-theora: a1e56fd34408186e4bbccfd4996cb3dc -> 
  custom:container-muxer-webm: aa71ff27fc2769a1b78a27578f13a17b -> 
  custom:container-demuxer-webm: 4f35f7cbe854078d1ac9338744f61a02 -> 
  custom:container-demuxer-ogg: 62fdf1f143b41e24485cea50d1cbac27 -> 
  custom:video-encoder-webm-vp8: eb34c28f22e8b96e1ab97ce403110664 -> 
  custom:video-decoder-webm-vp8: 9c59270c3fd7afecdb556c50c9e8de78 -> 
  custom:graphics/normal-map-encoding: 01000000000000000000000000000000 -> 02000000000000000000000000000000
  custom:audio-decoder-ogg-vorbis: bf7c407c2cedff20999df2af8eb42d56 -> 
  custom:audio-encoder-webm-vorbis: bf7c407c2cedff20999df2af8eb42d56 -> 
========================================================================
Received Import Request.
  Time since last request: 74.562650 seconds.
  path: Assets/Scenes/Prefubs/Non-planar Roadway.prefab
  artifactKey: Guid(03abb0b52674bfe4483b1e22a8412349) Importer(815301076,1909f56bfc062723c751e8b465ee728b)
Start importing Assets/Scenes/Prefubs/Non-planar Roadway.prefab using Guid(03abb0b52674bfe4483b1e22a8412349) Importer(815301076,1909f56bfc062723c751e8b465ee728b)  -> (artifact id: '4347c3d6a0991084401cc9f55f5514ab') in 0.091522 seconds 
========================================================================
Received Prepare
Registering precompiled user dll's ...
Registered in 0.002048 seconds.
Begin MonoManager ReloadAssembly
Native extension for WindowsStandalone target not found
Native extension for WebGL target not found
Refreshing native plugins compatible for Editor in 0.35 ms, found 2 plugins.
Preloading 0 native plugins for Editor in 0.00 ms.
Mono: successfully reloaded assembly
- Completed reload, in  1.042 seconds
Domain Reload Profiling:
	ReloadAssembly (1042ms)
		BeginReloadAssembly (120ms)
			ExecutionOrderSort (0ms)
			DisableScriptedObjects (4ms)
			BackupInstance (0ms)
			ReleaseScriptingObjects (0ms)
			CreateAndSetChildDomain (33ms)
		EndReloadAssembly (855ms)
			LoadAssemblies (98ms)
			RebuildTransferFunctionScriptingTraits (0ms)
			SetupTypeCache (298ms)
			ReleaseScriptCaches (1ms)
			RebuildScriptCaches (38ms)
			SetupLoadedEditorAssemblies (314ms)
				LogAssemblyErrors (0ms)
				InitializePlatformSupportModulesInManaged (5ms)
				SetLoadedEditorAssemblies (0ms)
				RefreshPlugins (0ms)
				BeforeProcessingInitializeOnLoad (71ms)
				ProcessInitializeOnLoadAttributes (222ms)
				ProcessInitializeOnLoadMethodAttributes (8ms)
				AfterProcessingInitializeOnLoad (8ms)
				EditorAssembliesLoaded (0ms)
			ExecutionOrderSort2 (0ms)
			AwakeInstancesAfterBackupRestoration (7ms)
Platform modules already initialized, skipping
Switching build target platform(19) subTarget(0) extendedPlatform(0) -> platform(13) subTarget(537395200) extendedPlatform(0)
Refreshing native plugins compatible for Editor in 0.37 ms, found 2 plugins.
Preloading 0 native plugins for Editor in 0.00 ms.
Unloading 1512 Unused Serialized files (Serialized files now loaded: 0)
System memory in use before: 77.2 MB.
System memory in use after: 77.3 MB.

Unloading 11 unused Assets to reduce memory usage. Loaded Objects now: 1973.
Total: 2.746900 ms (FindLiveObjects: 0.137200 ms CreateObjectMapping: 0.055600 ms MarkObjects: 2.533600 ms  DeleteObjects: 0.019600 ms)

AssetImportParameters requested are different than current active one (requested -> active):
  custom:framework-win-MediaFoundation: 216162199b28c13a410421893ffa2e32 -> 
  custom:video-decoder-ogg-theora: a1e56fd34408186e4bbccfd4996cb3dc -> 
  custom:container-muxer-webm: aa71ff27fc2769a1b78a27578f13a17b -> 
  custom:container-demuxer-webm: 4f35f7cbe854078d1ac9338744f61a02 -> 
  custom:container-demuxer-ogg: 62fdf1f143b41e24485cea50d1cbac27 -> 
  custom:video-encoder-webm-vp8: eb34c28f22e8b96e1ab97ce403110664 -> 
  custom:video-decoder-webm-vp8: 9c59270c3fd7afecdb556c50c9e8de78 -> 
  custom:graphics/normal-map-encoding: 01000000000000000000000000000000 -> 02000000000000000000000000000000
  custom:audio-decoder-ogg-vorbis: bf7c407c2cedff20999df2af8eb42d56 -> 
  custom:audio-encoder-webm-vorbis: bf7c407c2cedff20999df2af8eb42d56 -> 
========================================================================
Received Import Request.
  Time since last request: 52.317352 seconds.
  path: Assets/Scenes/Prefubs/Roadway 1.prefab
  artifactKey: Guid(b5ec0e5c6a836104c8c502345c4dfb94) Importer(815301076,1909f56bfc062723c751e8b465ee728b)
Start importing Assets/Scenes/Prefubs/Roadway 1.prefab using Guid(b5ec0e5c6a836104c8c502345c4dfb94) Importer(815301076,1909f56bfc062723c751e8b465ee728b)  -> (artifact id: '6dedc52b6cdf21fbd51a62aae38fd7a3') in 0.060910 seconds 
========================================================================
Received Import Request.
  Time since last request: 5.924229 seconds.
  path: Assets/Scenes/Prefubs/Roadway 2.prefab
  artifactKey: Guid(b5ec0e5c6a836104c8c502345c4dfb94) Importer(815301076,1909f56bfc062723c751e8b465ee728b)
Start importing Assets/Scenes/Prefubs/Roadway 2.prefab using Guid(b5ec0e5c6a836104c8c502345c4dfb94) Importer(815301076,1909f56bfc062723c751e8b465ee728b)  -> (artifact id: '6928290211de2291586d6b33e01070e3') in 0.013139 seconds 
========================================================================
Received Import Request.
  Time since last request: 27.178945 seconds.
  path: Assets/Scenes/Prefubs/Roadway 2.prefab
  artifactKey: Guid(b5ec0e5c6a836104c8c502345c4dfb94) Importer(815301076,1909f56bfc062723c751e8b465ee728b)
Start importing Assets/Scenes/Prefubs/Roadway 2.prefab using Guid(b5ec0e5c6a836104c8c502345c4dfb94) Importer(815301076,1909f56bfc062723c751e8b465ee728b)  -> (artifact id: '39166e8d4686b52852d48fe4ac4af2c0') in 0.025484 seconds 
========================================================================
Received Import Request.
  Time since last request: 1.776876 seconds.
  path: Assets/Scenes/Prefubs/Roadway 2.prefab
  artifactKey: Guid(b5ec0e5c6a836104c8c502345c4dfb94) Importer(815301076,1909f56bfc062723c751e8b465ee728b)
Start importing Assets/Scenes/Prefubs/Roadway 2.prefab using Guid(b5ec0e5c6a836104c8c502345c4dfb94) Importer(815301076,1909f56bfc062723c751e8b465ee728b)  -> (artifact id: 'c1c8e0f72daa8485b57f2f5eb4c17980') in 0.014873 seconds 
========================================================================
Received Import Request.
  Time since last request: 1.404214 seconds.
  path: Assets/Scenes/Prefubs/Roadway 2.prefab
  artifactKey: Guid(b5ec0e5c6a836104c8c502345c4dfb94) Importer(815301076,1909f56bfc062723c751e8b465ee728b)
Start importing Assets/Scenes/Prefubs/Roadway 2.prefab using Guid(b5ec0e5c6a836104c8c502345c4dfb94) Importer(815301076,1909f56bfc062723c751e8b465ee728b)  -> (artifact id: 'c591870c8d97b81f6d2c707c0d164631') in 0.014757 seconds 
========================================================================
Received Import Request.
  Time since last request: 1.397070 seconds.
  path: Assets/Scenes/Prefubs/Roadway 2.prefab
  artifactKey: Guid(b5ec0e5c6a836104c8c502345c4dfb94) Importer(815301076,1909f56bfc062723c751e8b465ee728b)
Start importing Assets/Scenes/Prefubs/Roadway 2.prefab using Guid(b5ec0e5c6a836104c8c502345c4dfb94) Importer(815301076,1909f56bfc062723c751e8b465ee728b)  -> (artifact id: '82c475324c05db7a69467c6f76d05d81') in 0.015179 seconds 
========================================================================
Received Import Request.
  Time since last request: 0.783733 seconds.
  path: Assets/Scenes/Prefubs/Roadway 2.prefab
  artifactKey: Guid(b5ec0e5c6a836104c8c502345c4dfb94) Importer(815301076,1909f56bfc062723c751e8b465ee728b)
Start importing Assets/Scenes/Prefubs/Roadway 2.prefab using Guid(b5ec0e5c6a836104c8c502345c4dfb94) Importer(815301076,1909f56bfc062723c751e8b465ee728b)  -> (artifact id: '2ad770159b9e778b92209963d00f9851') in 0.014948 seconds 
========================================================================
Received Import Request.
  Time since last request: 0.783685 seconds.
  path: Assets/Scenes/Prefubs/Roadway 2.prefab
  artifactKey: Guid(b5ec0e5c6a836104c8c502345c4dfb94) Importer(815301076,1909f56bfc062723c751e8b465ee728b)
Start importing Assets/Scenes/Prefubs/Roadway 2.prefab using Guid(b5ec0e5c6a836104c8c502345c4dfb94) Importer(815301076,1909f56bfc062723c751e8b465ee728b)  -> (artifact id: 'd7bc885c1b56f48f95fd70aeb2a0630d') in 0.013930 seconds 
========================================================================
Received Import Request.
  Time since last request: 0.995445 seconds.
  path: Assets/Scenes/Prefubs/Roadway 2.prefab
  artifactKey: Guid(b5ec0e5c6a836104c8c502345c4dfb94) Importer(815301076,1909f56bfc062723c751e8b465ee728b)
Start importing Assets/Scenes/Prefubs/Roadway 2.prefab using Guid(b5ec0e5c6a836104c8c502345c4dfb94) Importer(815301076,1909f56bfc062723c751e8b465ee728b)  -> (artifact id: '382955400b091133c2cdee8aa59a4c8b') in 0.014256 seconds 
========================================================================
Received Import Request.
  Time since last request: 0.785672 seconds.
  path: Assets/Scenes/Prefubs/Roadway 2.prefab
  artifactKey: Guid(b5ec0e5c6a836104c8c502345c4dfb94) Importer(815301076,1909f56bfc062723c751e8b465ee728b)
Start importing Assets/Scenes/Prefubs/Roadway 2.prefab using Guid(b5ec0e5c6a836104c8c502345c4dfb94) Importer(815301076,1909f56bfc062723c751e8b465ee728b)  -> (artifact id: '7803a5288ca86f802742ae3e499a262f') in 0.017862 seconds 
========================================================================
Received Import Request.
  Time since last request: 0.996407 seconds.
  path: Assets/Scenes/Prefubs/Roadway 2.prefab
  artifactKey: Guid(b5ec0e5c6a836104c8c502345c4dfb94) Importer(815301076,1909f56bfc062723c751e8b465ee728b)
Start importing Assets/Scenes/Prefubs/Roadway 2.prefab using Guid(b5ec0e5c6a836104c8c502345c4dfb94) Importer(815301076,1909f56bfc062723c751e8b465ee728b)  -> (artifact id: 'cf33386703bea499e946da42aae52059') in 0.016210 seconds 
========================================================================
Received Import Request.
  Time since last request: 16.209222 seconds.
  path: Assets/Scenes/Prefubs/Roadway 2.prefab
  artifactKey: Guid(b5ec0e5c6a836104c8c502345c4dfb94) Importer(815301076,1909f56bfc062723c751e8b465ee728b)
Start importing Assets/Scenes/Prefubs/Roadway 2.prefab using Guid(b5ec0e5c6a836104c8c502345c4dfb94) Importer(815301076,1909f56bfc062723c751e8b465ee728b)  -> (artifact id: 'efee74125167dc68b36f86a18c0a4b54') in 0.012865 seconds 
========================================================================
Received Import Request.
  Time since last request: 6.032100 seconds.
  path: Assets/Scenes/Prefubs/Roadway 2.prefab
  artifactKey: Guid(b5ec0e5c6a836104c8c502345c4dfb94) Importer(815301076,1909f56bfc062723c751e8b465ee728b)
Start importing Assets/Scenes/Prefubs/Roadway 2.prefab using Guid(b5ec0e5c6a836104c8c502345c4dfb94) Importer(815301076,1909f56bfc062723c751e8b465ee728b)  -> (artifact id: 'e3616c53bb6076ac638df4b15acde442') in 0.012433 seconds 
========================================================================
Received Import Request.
  Time since last request: 12.308730 seconds.
  path: Assets/Scenes/Prefubs/Roadway 2.prefab
  artifactKey: Guid(b5ec0e5c6a836104c8c502345c4dfb94) Importer(815301076,1909f56bfc062723c751e8b465ee728b)
Start importing Assets/Scenes/Prefubs/Roadway 2.prefab using Guid(b5ec0e5c6a836104c8c502345c4dfb94) Importer(815301076,1909f56bfc062723c751e8b465ee728b)  -> (artifact id: '02acc98a5c0b60c88487754375dae53e') in 0.012372 seconds 
========================================================================
Received Import Request.
  Time since last request: 6.456575 seconds.
  path: Assets/Scenes/Prefubs/Roadway 2.prefab
  artifactKey: Guid(b5ec0e5c6a836104c8c502345c4dfb94) Importer(815301076,1909f56bfc062723c751e8b465ee728b)
Start importing Assets/Scenes/Prefubs/Roadway 2.prefab using Guid(b5ec0e5c6a836104c8c502345c4dfb94) Importer(815301076,1909f56bfc062723c751e8b465ee728b)  -> (artifact id: '92722020f61eacd26f2e8cf457ac1318') in 0.012558 seconds 
========================================================================
Received Import Request.
  Time since last request: 5.833252 seconds.
  path: Assets/Scenes/Prefubs/Roadway 2.prefab
  artifactKey: Guid(b5ec0e5c6a836104c8c502345c4dfb94) Importer(815301076,1909f56bfc062723c751e8b465ee728b)
Start importing Assets/Scenes/Prefubs/Roadway 2.prefab using Guid(b5ec0e5c6a836104c8c502345c4dfb94) Importer(815301076,1909f56bfc062723c751e8b465ee728b)  -> (artifact id: 'fdc35baec788c53d020e92a3a6d74b6a') in 0.013715 seconds 
========================================================================
Received Import Request.
  Time since last request: 11.466741 seconds.
  path: Assets/Scenes/Prefubs/Roadway 2.prefab
  artifactKey: Guid(b5ec0e5c6a836104c8c502345c4dfb94) Importer(815301076,1909f56bfc062723c751e8b465ee728b)
Start importing Assets/Scenes/Prefubs/Roadway 2.prefab using Guid(b5ec0e5c6a836104c8c502345c4dfb94) Importer(815301076,1909f56bfc062723c751e8b465ee728b)  -> (artifact id: '7923ce75c0e15ad8c23c0e99e11c38dd') in 0.022029 seconds 
========================================================================
Received Import Request.
  Time since last request: 8.278490 seconds.
  path: Assets/Scenes/Prefubs/Roadway 2.prefab
  artifactKey: Guid(b5ec0e5c6a836104c8c502345c4dfb94) Importer(815301076,1909f56bfc062723c751e8b465ee728b)
Start importing Assets/Scenes/Prefubs/Roadway 2.prefab using Guid(b5ec0e5c6a836104c8c502345c4dfb94) Importer(815301076,1909f56bfc062723c751e8b465ee728b)  -> (artifact id: 'f8a0e68908ba5bd6aa11b6739d2d1ac1') in 0.024188 seconds 
========================================================================
Received Import Request.
  Time since last request: 39.525106 seconds.
  path: Assets/Scenes/Prefubs/Roadway 2.prefab
  artifactKey: Guid(b5ec0e5c6a836104c8c502345c4dfb94) Importer(815301076,1909f56bfc062723c751e8b465ee728b)
Start importing Assets/Scenes/Prefubs/Roadway 2.prefab using Guid(b5ec0e5c6a836104c8c502345c4dfb94) Importer(815301076,1909f56bfc062723c751e8b465ee728b)  -> (artifact id: '35e88dbe135e1a5a1c9eee760d6c9898') in 0.012731 seconds 
========================================================================
Received Import Request.
  Time since last request: 5.634835 seconds.
  path: Assets/Scenes/Prefubs/Roadway 2.prefab
  artifactKey: Guid(b5ec0e5c6a836104c8c502345c4dfb94) Importer(815301076,1909f56bfc062723c751e8b465ee728b)
Start importing Assets/Scenes/Prefubs/Roadway 2.prefab using Guid(b5ec0e5c6a836104c8c502345c4dfb94) Importer(815301076,1909f56bfc062723c751e8b465ee728b)  -> (artifact id: '8d09967b3b92dbb40ca08cf3b772eb16') in 0.014133 seconds 
========================================================================
Received Import Request.
  Time since last request: 1.400240 seconds.
  path: Assets/Scenes/Prefubs/Roadway 2.prefab
  artifactKey: Guid(b5ec0e5c6a836104c8c502345c4dfb94) Importer(815301076,1909f56bfc062723c751e8b465ee728b)
Start importing Assets/Scenes/Prefubs/Roadway 2.prefab using Guid(b5ec0e5c6a836104c8c502345c4dfb94) Importer(815301076,1909f56bfc062723c751e8b465ee728b)  -> (artifact id: '8e05abc1c8d7a1bee50c1bd77d8af5c6') in 0.019914 seconds 
========================================================================
Received Import Request.
  Time since last request: 12.283170 seconds.
  path: Assets/Scenes/Prefubs/Roadway 2.prefab
  artifactKey: Guid(b5ec0e5c6a836104c8c502345c4dfb94) Importer(815301076,1909f56bfc062723c751e8b465ee728b)
Start importing Assets/Scenes/Prefubs/Roadway 2.prefab using Guid(b5ec0e5c6a836104c8c502345c4dfb94) Importer(815301076,1909f56bfc062723c751e8b465ee728b)  -> (artifact id: '76718087715f8a995d912d18ddd3a63b') in 0.011454 seconds 
========================================================================
Received Import Request.
  Time since last request: 1.599662 seconds.
  path: Assets/Scenes/Prefubs/Roadway 2.prefab
  artifactKey: Guid(b5ec0e5c6a836104c8c502345c4dfb94) Importer(815301076,1909f56bfc062723c751e8b465ee728b)
Start importing Assets/Scenes/Prefubs/Roadway 2.prefab using Guid(b5ec0e5c6a836104c8c502345c4dfb94) Importer(815301076,1909f56bfc062723c751e8b465ee728b)  -> (artifact id: '94f92646381788e1fab7bbea83e85c70') in 0.012640 seconds 
========================================================================
Received Import Request.
  Time since last request: 7.058784 seconds.
  path: Assets/Scenes/Prefubs/Roadway 2.prefab
  artifactKey: Guid(b5ec0e5c6a836104c8c502345c4dfb94) Importer(815301076,1909f56bfc062723c751e8b465ee728b)
Start importing Assets/Scenes/Prefubs/Roadway 2.prefab using Guid(b5ec0e5c6a836104c8c502345c4dfb94) Importer(815301076,1909f56bfc062723c751e8b465ee728b)  -> (artifact id: '6e6c528b95e51b4f002e90af2b7b8a5f') in 0.015351 seconds 
========================================================================
Received Import Request.
  Time since last request: 119.009861 seconds.
  path: Assets/Scenes/Prefubs/Non-planar Roadway.prefab
  artifactKey: Guid(03abb0b52674bfe4483b1e22a8412349) Importer(815301076,1909f56bfc062723c751e8b465ee728b)
Start importing Assets/Scenes/Prefubs/Non-planar Roadway.prefab using Guid(03abb0b52674bfe4483b1e22a8412349) Importer(815301076,1909f56bfc062723c751e8b465ee728b)  -> (artifact id: '6f1434ed73fc8a7b69822ba61d81ae27') in 0.013044 seconds 
========================================================================
Received Prepare
Registering precompiled user dll's ...
Registered in 0.002393 seconds.
Begin MonoManager ReloadAssembly
Native extension for WindowsStandalone target not found
Native extension for WebGL target not found
Refreshing native plugins compatible for Editor in 0.36 ms, found 2 plugins.
Preloading 0 native plugins for Editor in 0.00 ms.
Mono: successfully reloaded assembly
- Completed reload, in  0.968 seconds
Domain Reload Profiling:
	ReloadAssembly (969ms)
		BeginReloadAssembly (99ms)
			ExecutionOrderSort (0ms)
			DisableScriptedObjects (4ms)
			BackupInstance (0ms)
			ReleaseScriptingObjects (0ms)
			CreateAndSetChildDomain (28ms)
		EndReloadAssembly (813ms)
			LoadAssemblies (80ms)
			RebuildTransferFunctionScriptingTraits (0ms)
			SetupTypeCache (269ms)
			ReleaseScriptCaches (1ms)
			RebuildScriptCaches (31ms)
			SetupLoadedEditorAssemblies (317ms)
				LogAssemblyErrors (0ms)
				InitializePlatformSupportModulesInManaged (5ms)
				SetLoadedEditorAssemblies (0ms)
				RefreshPlugins (0ms)
				BeforeProcessingInitializeOnLoad (43ms)
				ProcessInitializeOnLoadAttributes (251ms)
				ProcessInitializeOnLoadMethodAttributes (10ms)
				AfterProcessingInitializeOnLoad (7ms)
				EditorAssembliesLoaded (0ms)
			ExecutionOrderSort2 (0ms)
			AwakeInstancesAfterBackupRestoration (8ms)
Platform modules already initialized, skipping
Switching build target platform(19) subTarget(0) extendedPlatform(0) -> platform(13) subTarget(537395200) extendedPlatform(0)
Refreshing native plugins compatible for Editor in 0.35 ms, found 2 plugins.
Preloading 0 native plugins for Editor in 0.00 ms.
Unloading 1512 Unused Serialized files (Serialized files now loaded: 0)
System memory in use before: 77.2 MB.
System memory in use after: 77.3 MB.

Unloading 12 unused Assets to reduce memory usage. Loaded Objects now: 1977.
Total: 4.015200 ms (FindLiveObjects: 0.142000 ms CreateObjectMapping: 0.062200 ms MarkObjects: 3.770800 ms  DeleteObjects: 0.038800 ms)

AssetImportParameters requested are different than current active one (requested -> active):
  custom:framework-win-MediaFoundation: 216162199b28c13a410421893ffa2e32 -> 
  custom:video-decoder-ogg-theora: a1e56fd34408186e4bbccfd4996cb3dc -> 
  custom:container-muxer-webm: aa71ff27fc2769a1b78a27578f13a17b -> 
  custom:container-demuxer-webm: 4f35f7cbe854078d1ac9338744f61a02 -> 
  custom:container-demuxer-ogg: 62fdf1f143b41e24485cea50d1cbac27 -> 
  custom:video-encoder-webm-vp8: eb34c28f22e8b96e1ab97ce403110664 -> 
  custom:video-decoder-webm-vp8: 9c59270c3fd7afecdb556c50c9e8de78 -> 
  custom:graphics/normal-map-encoding: 01000000000000000000000000000000 -> 02000000000000000000000000000000
  custom:audio-decoder-ogg-vorbis: bf7c407c2cedff20999df2af8eb42d56 -> 
  custom:audio-encoder-webm-vorbis: bf7c407c2cedff20999df2af8eb42d56 -> 
========================================================================
Received Import Request.
  Time since last request: 39.847489 seconds.
  path: Assets/Scenes/Prefubs/Non-planar Roadway.prefab
  artifactKey: Guid(03abb0b52674bfe4483b1e22a8412349) Importer(815301076,1909f56bfc062723c751e8b465ee728b)
Start importing Assets/Scenes/Prefubs/Non-planar Roadway.prefab using Guid(03abb0b52674bfe4483b1e22a8412349) Importer(815301076,1909f56bfc062723c751e8b465ee728b)  -> (artifact id: '63c0975593ecdae6ff9ffb348b65c8a2') in 0.069083 seconds 
========================================================================
Received Import Request.
  Time since last request: 1.611281 seconds.
  path: Assets/Scenes/Prefubs/Non-planar Roadway.prefab
  artifactKey: Guid(03abb0b52674bfe4483b1e22a8412349) Importer(815301076,1909f56bfc062723c751e8b465ee728b)
Start importing Assets/Scenes/Prefubs/Non-planar Roadway.prefab using Guid(03abb0b52674bfe4483b1e22a8412349) Importer(815301076,1909f56bfc062723c751e8b465ee728b)  -> (artifact id: '8d8710d06cdc9f9c92364ac26876f644') in 0.012711 seconds 
========================================================================
Received Prepare
Registering precompiled user dll's ...
Registered in 0.002388 seconds.
Begin MonoManager ReloadAssembly
Native extension for WindowsStandalone target not found
Native extension for WebGL target not found
Refreshing native plugins compatible for Editor in 0.39 ms, found 2 plugins.
Preloading 0 native plugins for Editor in 0.00 ms.
Mono: successfully reloaded assembly
- Completed reload, in  0.957 seconds
Domain Reload Profiling:
	ReloadAssembly (958ms)
		BeginReloadAssembly (107ms)
			ExecutionOrderSort (0ms)
			DisableScriptedObjects (5ms)
			BackupInstance (0ms)
			ReleaseScriptingObjects (0ms)
			CreateAndSetChildDomain (30ms)
		EndReloadAssembly (786ms)
			LoadAssemblies (89ms)
			RebuildTransferFunctionScriptingTraits (0ms)
			SetupTypeCache (239ms)
			ReleaseScriptCaches (1ms)
			RebuildScriptCaches (36ms)
			SetupLoadedEditorAssemblies (296ms)
				LogAssemblyErrors (0ms)
				InitializePlatformSupportModulesInManaged (5ms)
				SetLoadedEditorAssemblies (0ms)
				RefreshPlugins (0ms)
				BeforeProcessingInitializeOnLoad (46ms)
				ProcessInitializeOnLoadAttributes (226ms)
				ProcessInitializeOnLoadMethodAttributes (11ms)
				AfterProcessingInitializeOnLoad (7ms)
				EditorAssembliesLoaded (0ms)
			ExecutionOrderSort2 (0ms)
			AwakeInstancesAfterBackupRestoration (8ms)
Platform modules already initialized, skipping
Switching build target platform(19) subTarget(0) extendedPlatform(0) -> platform(13) subTarget(537395200) extendedPlatform(0)
Refreshing native plugins compatible for Editor in 0.39 ms, found 2 plugins.
Preloading 0 native plugins for Editor in 0.00 ms.
Unloading 1512 Unused Serialized files (Serialized files now loaded: 0)
System memory in use before: 77.2 MB.
System memory in use after: 77.3 MB.

Unloading 11 unused Assets to reduce memory usage. Loaded Objects now: 1980.
Total: 2.678300 ms (FindLiveObjects: 0.135500 ms CreateObjectMapping: 0.062300 ms MarkObjects: 2.458100 ms  DeleteObjects: 0.021100 ms)

AssetImportParameters requested are different than current active one (requested -> active):
  custom:framework-win-MediaFoundation: 216162199b28c13a410421893ffa2e32 -> 
  custom:video-decoder-ogg-theora: a1e56fd34408186e4bbccfd4996cb3dc -> 
  custom:container-muxer-webm: aa71ff27fc2769a1b78a27578f13a17b -> 
  custom:container-demuxer-webm: 4f35f7cbe854078d1ac9338744f61a02 -> 
  custom:container-demuxer-ogg: 62fdf1f143b41e24485cea50d1cbac27 -> 
  custom:video-encoder-webm-vp8: eb34c28f22e8b96e1ab97ce403110664 -> 
  custom:video-decoder-webm-vp8: 9c59270c3fd7afecdb556c50c9e8de78 -> 
  custom:graphics/normal-map-encoding: 01000000000000000000000000000000 -> 02000000000000000000000000000000
  custom:audio-decoder-ogg-vorbis: bf7c407c2cedff20999df2af8eb42d56 -> 
  custom:audio-encoder-webm-vorbis: bf7c407c2cedff20999df2af8eb42d56 -> 
========================================================================
Received Import Request.
  Time since last request: 59.408888 seconds.
  path: Assets/Scenes/Prefubs/Non-planar Roadway.prefab
  artifactKey: Guid(03abb0b52674bfe4483b1e22a8412349) Importer(815301076,1909f56bfc062723c751e8b465ee728b)
Start importing Assets/Scenes/Prefubs/Non-planar Roadway.prefab using Guid(03abb0b52674bfe4483b1e22a8412349) Importer(815301076,1909f56bfc062723c751e8b465ee728b)  -> (artifact id: 'cfdbf505cb4457024af28f7244ae04b0') in 0.060549 seconds 
========================================================================
Received Import Request.
  Time since last request: 8.663041 seconds.
  path: Assets/Scenes/Prefubs/Non-planar Roadway.prefab
  artifactKey: Guid(03abb0b52674bfe4483b1e22a8412349) Importer(815301076,1909f56bfc062723c751e8b465ee728b)
Start importing Assets/Scenes/Prefubs/Non-planar Roadway.prefab using Guid(03abb0b52674bfe4483b1e22a8412349) Importer(815301076,1909f56bfc062723c751e8b465ee728b)  -> (artifact id: '078a42e0c3c5db23ebbad31ea1d744b6') in 0.010738 seconds 
========================================================================
Received Prepare
Registering precompiled user dll's ...
Registered in 0.004530 seconds.
Begin MonoManager ReloadAssembly
Native extension for WindowsStandalone target not found
Native extension for WebGL target not found
Refreshing native plugins compatible for Editor in 0.32 ms, found 2 plugins.
Preloading 0 native plugins for Editor in 0.00 ms.
Mono: successfully reloaded assembly
- Completed reload, in  0.994 seconds
Domain Reload Profiling:
	ReloadAssembly (994ms)
		BeginReloadAssembly (119ms)
			ExecutionOrderSort (0ms)
			DisableScriptedObjects (4ms)
			BackupInstance (0ms)
			ReleaseScriptingObjects (0ms)
			CreateAndSetChildDomain (30ms)
		EndReloadAssembly (801ms)
			LoadAssemblies (101ms)
			RebuildTransferFunctionScriptingTraits (0ms)
			SetupTypeCache (249ms)
			ReleaseScriptCaches (1ms)
			RebuildScriptCaches (35ms)
			SetupLoadedEditorAssemblies (305ms)
				LogAssemblyErrors (0ms)
				InitializePlatformSupportModulesInManaged (5ms)
				SetLoadedEditorAssemblies (0ms)
				RefreshPlugins (0ms)
				BeforeProcessingInitializeOnLoad (48ms)
				ProcessInitializeOnLoadAttributes (235ms)
				ProcessInitializeOnLoadMethodAttributes (8ms)
				AfterProcessingInitializeOnLoad (8ms)
				EditorAssembliesLoaded (0ms)
			ExecutionOrderSort2 (0ms)
			AwakeInstancesAfterBackupRestoration (6ms)
Platform modules already initialized, skipping
Switching build target platform(19) subTarget(0) extendedPlatform(0) -> platform(13) subTarget(537395200) extendedPlatform(0)
Refreshing native plugins compatible for Editor in 0.35 ms, found 2 plugins.
Preloading 0 native plugins for Editor in 0.00 ms.
Unloading 1512 Unused Serialized files (Serialized files now loaded: 0)
System memory in use before: 77.3 MB.
System memory in use after: 77.4 MB.

Unloading 11 unused Assets to reduce memory usage. Loaded Objects now: 1983.
Total: 2.731000 ms (FindLiveObjects: 0.140700 ms CreateObjectMapping: 0.065200 ms MarkObjects: 2.503800 ms  DeleteObjects: 0.020500 ms)

AssetImportParameters requested are different than current active one (requested -> active):
  custom:framework-win-MediaFoundation: 216162199b28c13a410421893ffa2e32 -> 
  custom:video-decoder-ogg-theora: a1e56fd34408186e4bbccfd4996cb3dc -> 
  custom:container-muxer-webm: aa71ff27fc2769a1b78a27578f13a17b -> 
  custom:container-demuxer-webm: 4f35f7cbe854078d1ac9338744f61a02 -> 
  custom:container-demuxer-ogg: 62fdf1f143b41e24485cea50d1cbac27 -> 
  custom:video-encoder-webm-vp8: eb34c28f22e8b96e1ab97ce403110664 -> 
  custom:video-decoder-webm-vp8: 9c59270c3fd7afecdb556c50c9e8de78 -> 
  custom:graphics/normal-map-encoding: 01000000000000000000000000000000 -> 02000000000000000000000000000000
  custom:audio-decoder-ogg-vorbis: bf7c407c2cedff20999df2af8eb42d56 -> 
  custom:audio-encoder-webm-vorbis: bf7c407c2cedff20999df2af8eb42d56 -> 
========================================================================
Received Import Request.
  Time since last request: 12.601712 seconds.
  path: Assets/Scenes/Prefubs/Non-planar Roadway.prefab
  artifactKey: Guid(03abb0b52674bfe4483b1e22a8412349) Importer(815301076,1909f56bfc062723c751e8b465ee728b)
Start importing Assets/Scenes/Prefubs/Non-planar Roadway.prefab using Guid(03abb0b52674bfe4483b1e22a8412349) Importer(815301076,1909f56bfc062723c751e8b465ee728b)  -> (artifact id: 'cc1f901c144def7bda15974c67372b9a') in 0.091948 seconds 
========================================================================
Received Prepare
Registering precompiled user dll's ...
Registered in 0.002188 seconds.
Begin MonoManager ReloadAssembly
Native extension for WindowsStandalone target not found
Native extension for WebGL target not found
Refreshing native plugins compatible for Editor in 0.32 ms, found 2 plugins.
Preloading 0 native plugins for Editor in 0.00 ms.
Mono: successfully reloaded assembly
- Completed reload, in  0.979 seconds
Domain Reload Profiling:
	ReloadAssembly (980ms)
		BeginReloadAssembly (119ms)
			ExecutionOrderSort (0ms)
			DisableScriptedObjects (4ms)
			BackupInstance (0ms)
			ReleaseScriptingObjects (0ms)
			CreateAndSetChildDomain (38ms)
		EndReloadAssembly (798ms)
			LoadAssemblies (90ms)
			RebuildTransferFunctionScriptingTraits (0ms)
			SetupTypeCache (253ms)
			ReleaseScriptCaches (1ms)
			RebuildScriptCaches (32ms)
			SetupLoadedEditorAssemblies (270ms)
				LogAssemblyErrors (0ms)
				InitializePlatformSupportModulesInManaged (5ms)
				SetLoadedEditorAssemblies (0ms)
				RefreshPlugins (0ms)
				BeforeProcessingInitializeOnLoad (43ms)
				ProcessInitializeOnLoadAttributes (207ms)
				ProcessInitializeOnLoadMethodAttributes (8ms)
				AfterProcessingInitializeOnLoad (6ms)
				EditorAssembliesLoaded (0ms)
			ExecutionOrderSort2 (0ms)
			AwakeInstancesAfterBackupRestoration (9ms)
Platform modules already initialized, skipping
Switching build target platform(19) subTarget(0) extendedPlatform(0) -> platform(13) subTarget(537395200) extendedPlatform(0)
Refreshing native plugins compatible for Editor in 0.45 ms, found 2 plugins.
Preloading 0 native plugins for Editor in 0.00 ms.
Unloading 1512 Unused Serialized files (Serialized files now loaded: 0)
System memory in use before: 77.3 MB.
System memory in use after: 77.4 MB.

Unloading 11 unused Assets to reduce memory usage. Loaded Objects now: 1986.
Total: 2.364500 ms (FindLiveObjects: 0.123900 ms CreateObjectMapping: 0.047400 ms MarkObjects: 2.174300 ms  DeleteObjects: 0.017900 ms)

AssetImportParameters requested are different than current active one (requested -> active):
  custom:framework-win-MediaFoundation: 216162199b28c13a410421893ffa2e32 -> 
  custom:video-decoder-ogg-theora: a1e56fd34408186e4bbccfd4996cb3dc -> 
  custom:container-muxer-webm: aa71ff27fc2769a1b78a27578f13a17b -> 
  custom:container-demuxer-webm: 4f35f7cbe854078d1ac9338744f61a02 -> 
  custom:container-demuxer-ogg: 62fdf1f143b41e24485cea50d1cbac27 -> 
  custom:video-encoder-webm-vp8: eb34c28f22e8b96e1ab97ce403110664 -> 
  custom:video-decoder-webm-vp8: 9c59270c3fd7afecdb556c50c9e8de78 -> 
  custom:graphics/normal-map-encoding: 01000000000000000000000000000000 -> 02000000000000000000000000000000
  custom:audio-decoder-ogg-vorbis: bf7c407c2cedff20999df2af8eb42d56 -> 
  custom:audio-encoder-webm-vorbis: bf7c407c2cedff20999df2af8eb42d56 -> 
========================================================================
Received Import Request.
  Time since last request: 64.809884 seconds.
  path: Assets/Scenes/Prefubs/Non-planar Roadway 1.prefab
  artifactKey: Guid(c94292b7b6552934c8af07842c3dbd5f) Importer(815301076,1909f56bfc062723c751e8b465ee728b)
Start importing Assets/Scenes/Prefubs/Non-planar Roadway 1.prefab using Guid(c94292b7b6552934c8af07842c3dbd5f) Importer(815301076,1909f56bfc062723c751e8b465ee728b)  -> (artifact id: '4554dd458de322b711f820db807cb84b') in 0.057440 seconds 
========================================================================
Received Import Request.
  Time since last request: 9.277237 seconds.
  path: Assets/Scenes/Prefubs/Non-planar GrassSurface.prefab
  artifactKey: Guid(c94292b7b6552934c8af07842c3dbd5f) Importer(815301076,1909f56bfc062723c751e8b465ee728b)
Start importing Assets/Scenes/Prefubs/Non-planar GrassSurface.prefab using Guid(c94292b7b6552934c8af07842c3dbd5f) Importer(815301076,1909f56bfc062723c751e8b465ee728b)  -> (artifact id: 'c331ed94e1f236d58096cf440e2efd3f') in 0.026187 seconds 
========================================================================
Received Import Request.
  Time since last request: 17.462747 seconds.
  path: Assets/Scenes/Prefubs/Non-planar GrassSurface.prefab
  artifactKey: Guid(c94292b7b6552934c8af07842c3dbd5f) Importer(815301076,1909f56bfc062723c751e8b465ee728b)
Start importing Assets/Scenes/Prefubs/Non-planar GrassSurface.prefab using Guid(c94292b7b6552934c8af07842c3dbd5f) Importer(815301076,1909f56bfc062723c751e8b465ee728b)  -> (artifact id: '71e56fd8bbdd237fc8d8a5626a95af94') in 0.007692 seconds 
========================================================================
Received Prepare
Registering precompiled user dll's ...
Registered in 0.002850 seconds.
Begin MonoManager ReloadAssembly
Native extension for WindowsStandalone target not found
Native extension for WebGL target not found
Refreshing native plugins compatible for Editor in 0.78 ms, found 2 plugins.
Preloading 0 native plugins for Editor in 0.00 ms.
Mono: successfully reloaded assembly
- Completed reload, in  1.534 seconds
Domain Reload Profiling:
	ReloadAssembly (1534ms)
		BeginReloadAssembly (154ms)
			ExecutionOrderSort (0ms)
			DisableScriptedObjects (6ms)
			BackupInstance (0ms)
			ReleaseScriptingObjects (0ms)
			CreateAndSetChildDomain (40ms)
		EndReloadAssembly (1286ms)
			LoadAssemblies (146ms)
			RebuildTransferFunctionScriptingTraits (0ms)
			SetupTypeCache (440ms)
			ReleaseScriptCaches (1ms)
			RebuildScriptCaches (61ms)
			SetupLoadedEditorAssemblies (439ms)
				LogAssemblyErrors (0ms)
				InitializePlatformSupportModulesInManaged (8ms)
				SetLoadedEditorAssemblies (1ms)
				RefreshPlugins (1ms)
				BeforeProcessingInitializeOnLoad (94ms)
				ProcessInitializeOnLoadAttributes (311ms)
				ProcessInitializeOnLoadMethodAttributes (15ms)
				AfterProcessingInitializeOnLoad (9ms)
				EditorAssembliesLoaded (0ms)
			ExecutionOrderSort2 (0ms)
			AwakeInstancesAfterBackupRestoration (10ms)
Platform modules already initialized, skipping
Switching build target platform(19) subTarget(0) extendedPlatform(0) -> platform(13) subTarget(537395200) extendedPlatform(0)
Refreshing native plugins compatible for Editor in 0.65 ms, found 2 plugins.
Preloading 0 native plugins for Editor in 0.00 ms.
Unloading 1512 Unused Serialized files (Serialized files now loaded: 0)
System memory in use before: 77.3 MB.
System memory in use after: 77.4 MB.

Unloading 11 unused Assets to reduce memory usage. Loaded Objects now: 1989.
Total: 3.927200 ms (FindLiveObjects: 0.312300 ms CreateObjectMapping: 0.158400 ms MarkObjects: 3.429000 ms  DeleteObjects: 0.025800 ms)

AssetImportParameters requested are different than current active one (requested -> active):
  custom:framework-win-MediaFoundation: 216162199b28c13a410421893ffa2e32 -> 
  custom:video-decoder-ogg-theora: a1e56fd34408186e4bbccfd4996cb3dc -> 
  custom:container-muxer-webm: aa71ff27fc2769a1b78a27578f13a17b -> 
  custom:container-demuxer-webm: 4f35f7cbe854078d1ac9338744f61a02 -> 
  custom:container-demuxer-ogg: 62fdf1f143b41e24485cea50d1cbac27 -> 
  custom:video-encoder-webm-vp8: eb34c28f22e8b96e1ab97ce403110664 -> 
  custom:video-decoder-webm-vp8: 9c59270c3fd7afecdb556c50c9e8de78 -> 
  custom:graphics/normal-map-encoding: 01000000000000000000000000000000 -> 02000000000000000000000000000000
  custom:audio-decoder-ogg-vorbis: bf7c407c2cedff20999df2af8eb42d56 -> 
  custom:audio-encoder-webm-vorbis: bf7c407c2cedff20999df2af8eb42d56 -> 
========================================================================
Received Import Request.
  Time since last request: 42.932700 seconds.
  path: Assets/Scenes/Prefubs/Non-planar Roadway.prefab
  artifactKey: Guid(03abb0b52674bfe4483b1e22a8412349) Importer(815301076,1909f56bfc062723c751e8b465ee728b)
Start importing Assets/Scenes/Prefubs/Non-planar Roadway.prefab using Guid(03abb0b52674bfe4483b1e22a8412349) Importer(815301076,1909f56bfc062723c751e8b465ee728b)  -> (artifact id: '95c8cc6dad8cd0e6f03188932f60baa5') in 0.100327 seconds 
========================================================================
Received Import Request.
  Time since last request: 5.560966 seconds.
  path: Assets/Scenes/Prefubs/Non-planar Roadway.prefab
  artifactKey: Guid(03abb0b52674bfe4483b1e22a8412349) Importer(815301076,1909f56bfc062723c751e8b465ee728b)
Start importing Assets/Scenes/Prefubs/Non-planar Roadway.prefab using Guid(03abb0b52674bfe4483b1e22a8412349) Importer(815301076,1909f56bfc062723c751e8b465ee728b)  -> (artifact id: '00ff30a1ba33f261c1a76f1f1a77ac2d') in 0.014619 seconds 
========================================================================
Received Prepare
Registering precompiled user dll's ...
Registered in 0.002610 seconds.
Begin MonoManager ReloadAssembly
Native extension for WindowsStandalone target not found
Native extension for WebGL target not found
Refreshing native plugins compatible for Editor in 0.48 ms, found 2 plugins.
Preloading 0 native plugins for Editor in 0.00 ms.
Mono: successfully reloaded assembly
- Completed reload, in  1.045 seconds
Domain Reload Profiling:
	ReloadAssembly (1045ms)
		BeginReloadAssembly (118ms)
			ExecutionOrderSort (0ms)
			DisableScriptedObjects (5ms)
			BackupInstance (0ms)
			ReleaseScriptingObjects (0ms)
			CreateAndSetChildDomain (26ms)
		EndReloadAssembly (859ms)
			LoadAssemblies (100ms)
			RebuildTransferFunctionScriptingTraits (0ms)
			SetupTypeCache (256ms)
			ReleaseScriptCaches (1ms)
			RebuildScriptCaches (32ms)
			SetupLoadedEditorAssemblies (310ms)
				LogAssemblyErrors (0ms)
				InitializePlatformSupportModulesInManaged (15ms)
				SetLoadedEditorAssemblies (1ms)
				RefreshPlugins (1ms)
				BeforeProcessingInitializeOnLoad (59ms)
				ProcessInitializeOnLoadAttributes (218ms)
				ProcessInitializeOnLoadMethodAttributes (9ms)
				AfterProcessingInitializeOnLoad (7ms)
				EditorAssembliesLoaded (0ms)
			ExecutionOrderSort2 (0ms)
			AwakeInstancesAfterBackupRestoration (7ms)
Platform modules already initialized, skipping
Switching build target platform(19) subTarget(0) extendedPlatform(0) -> platform(13) subTarget(537395200) extendedPlatform(0)
Refreshing native plugins compatible for Editor in 0.33 ms, found 2 plugins.
Preloading 0 native plugins for Editor in 0.00 ms.
Unloading 1512 Unused Serialized files (Serialized files now loaded: 0)
System memory in use before: 77.3 MB.
System memory in use after: 77.4 MB.

Unloading 11 unused Assets to reduce memory usage. Loaded Objects now: 1992.
Total: 2.353600 ms (FindLiveObjects: 0.133400 ms CreateObjectMapping: 0.065000 ms MarkObjects: 2.135400 ms  DeleteObjects: 0.018800 ms)

AssetImportParameters requested are different than current active one (requested -> active):
  custom:framework-win-MediaFoundation: 216162199b28c13a410421893ffa2e32 -> 
  custom:video-decoder-ogg-theora: a1e56fd34408186e4bbccfd4996cb3dc -> 
  custom:container-muxer-webm: aa71ff27fc2769a1b78a27578f13a17b -> 
  custom:container-demuxer-webm: 4f35f7cbe854078d1ac9338744f61a02 -> 
  custom:container-demuxer-ogg: 62fdf1f143b41e24485cea50d1cbac27 -> 
  custom:video-encoder-webm-vp8: eb34c28f22e8b96e1ab97ce403110664 -> 
  custom:video-decoder-webm-vp8: 9c59270c3fd7afecdb556c50c9e8de78 -> 
  custom:graphics/normal-map-encoding: 01000000000000000000000000000000 -> 02000000000000000000000000000000
  custom:audio-decoder-ogg-vorbis: bf7c407c2cedff20999df2af8eb42d56 -> 
  custom:audio-encoder-webm-vorbis: bf7c407c2cedff20999df2af8eb42d56 -> 
========================================================================
Received Import Request.
  Time since last request: 56.714876 seconds.
  path: Assets/Scenes/Prefubs/Second Dude 1.prefab
  artifactKey: Guid(01342ae465750404ebcb29f5f677e52c) Importer(815301076,1909f56bfc062723c751e8b465ee728b)
Start importing Assets/Scenes/Prefubs/Second Dude 1.prefab using Guid(01342ae465750404ebcb29f5f677e52c) Importer(815301076,1909f56bfc062723c751e8b465ee728b)  -> (artifact id: '5a300fa97f46518bfbbf9d4ccf3d8bb3') in 0.051217 seconds 
